<?xml version="1.0" encoding="UTF-8"?>
<beans xmlns="http://www.springframework.org/schema/beans"
       xmlns:xsi="http://www.w3.org/2001/XMLSchema-instance"
       xmlns:cxf="http://camel.apache.org/schema/cxf"
       xmlns:camel="http://camel.apache.org/schema/spring"
       xsi:schemaLocation="http://www.springframework.org/schema/beans
	   					   http://www.springframework.org/schema/beans/spring-beans.xsd
	   					   http://camel.apache.org/schema/spring http://camel.apache.org/schema/spring/camel-spring.xsd
	   					    http://camel.apache.org/schema/cxf http://camel.apache.org/schema/cxf/camel-cxf.xsd">

    <cxf:cxfEndpoint id="jaxWsEndpoint"
                     address="http://localhost:8888/services/Hello"
                     serviceClass="pl.mw.HelloWs" />

    <camel:camelContext id="routes">
        <camel:route id="JaxWS-Route">
            <camel:from uri="direct:start"/>
            <camel:to uri="cxf:bean:jaxWsEndpoint"/>
            <camel:to uri="mock:end"/>
        </camel:route>
    </camel:camelContext>

</beans>